\BOOKMARK [1][-]{section.1}{\376\377\0001\000\040\133\236\232\214\166\356\166\204}{}% 1
\BOOKMARK [1][-]{section.2}{\376\377\0002\000\040\133\236\232\214\230\204\131\007\121\205\133\271}{}% 2
\BOOKMARK [1][-]{section.3}{\376\377\0003\000\040\133\236\232\214\163\257\130\203}{}% 3
\BOOKMARK [1][-]{section.4}{\376\377\0004\000\040\133\236\232\214\121\205\133\271}{}% 4
\BOOKMARK [2][-]{subsection.4.1}{\376\377\0004\000.\0001\000\040\142\100\213\276\213\241\166\204\145\160\143\156\136\223\124\214\210\150\166\204\140\305\121\265\173\200\116\313}{section.4}% 5
\BOOKMARK [3][-]{subsubsection.4.1.1}{\376\377\0004\000.\0001\000.\0001\000\040\136\224\165\050\127\072\146\157}{subsection.4.1}% 6
\BOOKMARK [3][-]{subsubsection.4.1.2}{\376\377\0004\000.\0001\000.\0002\000\040\000v\000e\000n\000d\000o\000r\000s\210\150}{subsection.4.1}% 7
\BOOKMARK [3][-]{subsubsection.4.1.3}{\376\377\0004\000.\0001\000.\0003\000\040\000p\000r\000o\000d\000u\000c\000t\000s\210\150}{subsection.4.1}% 8
\BOOKMARK [3][-]{subsubsection.4.1.4}{\376\377\0004\000.\0001\000.\0004\000\040\000c\000u\000s\000t\000o\000m\000e\000r\000s\210\150}{subsection.4.1}% 9
\BOOKMARK [3][-]{subsubsection.4.1.5}{\376\377\0004\000.\0001\000.\0005\000\040\000o\000r\000d\000e\000r\000s\210\150}{subsection.4.1}% 10
\BOOKMARK [3][-]{subsubsection.4.1.6}{\376\377\0004\000.\0001\000.\0006\000\040\000o\000r\000d\000e\000r\000i\000t\000e\000m\000s\210\150}{subsection.4.1}% 11
\BOOKMARK [3][-]{subsubsection.4.1.7}{\376\377\0004\000.\0001\000.\0007\000\040\000p\000r\000o\000d\000u\000c\000t\000n\000o\000t\000e\000s\210\150}{subsection.4.1}% 12
\BOOKMARK [2][-]{subsection.4.2}{\376\377\0004\000.\0002\000\040\161\237\140\211\000D\000B\000M\000S\133\236\232\214\163\257\130\203}{section.4}% 13
\BOOKMARK [2][-]{subsection.4.3}{\376\377\0004\000.\0003\000\040\122\033\136\372\145\160\143\156\136\223\000,\000\040\122\033\136\372\136\166\176\364\142\244\127\372\147\054\210\150\166\204\176\323\147\204\124\214\145\160\143\156}{section.4}% 14
\BOOKMARK [2][-]{subsection.4.4}{\376\377\0004\000.\0004\000\040\145\160\143\156\136\223\147\345\213\342\377\014\211\306\126\376\117\177\165\050}{section.4}% 15
\BOOKMARK [2][-]{subsection.4.5}{\376\377\0004\000.\0005\000\040\133\236\232\214\140\073\176\323}{section.4}% 16
\BOOKMARK [3][-]{subsubsection.4.5.1}{\376\377\0004\000.\0005\000.\0001\000\040\133\236\232\214\155\211\123\312\166\204\166\370\121\163\167\345\213\306}{subsection.4.5}% 17
\BOOKMARK [3][-]{subsubsection.4.5.2}{\376\377\0004\000.\0005\000.\0002\000\040\133\236\232\214\220\107\122\060\166\204\225\356\230\230\123\312\121\166\211\343\121\263}{subsection.4.5}% 18
\BOOKMARK [1][-]{section.5}{\376\377\0005\000\040\133\236\232\214\166\356\166\204}{}% 19
\BOOKMARK [1][-]{section.6}{\376\377\0006\000\040\133\236\232\214\230\204\131\007\121\205\133\271}{}% 20
\BOOKMARK [1][-]{section.7}{\376\377\0007\000\040\133\236\232\214\163\257\130\203}{}% 21
\BOOKMARK [1][-]{section.8}{\376\377\0008\000\040\133\236\232\214\121\205\133\271}{}% 22
\BOOKMARK [2][-]{subsection.8.1}{\376\377\0008\000.\0001\000\040\145\160\143\156\136\223\133\211\121\150\140\047}{section.8}% 23
\BOOKMARK [2][-]{subsection.8.2}{\376\377\0008\000.\0002\000\040\211\346\123\321\126\150\377\014\133\130\120\250\217\307\172\013\166\204\117\177\165\050}{section.8}% 24
\BOOKMARK [2][-]{subsection.8.3}{\376\377\0008\000.\0003\000\040\145\160\143\156\136\223\131\007\116\375\116\016\140\142\131\015}{section.8}% 25
\BOOKMARK [1][-]{section.9}{\376\377\0009\000\040\133\236\232\214\140\073\176\323}{}% 26
\BOOKMARK [2][-]{subsection.9.1}{\376\377\0009\000.\0001\000\040\133\236\232\214\155\211\123\312\122\060\166\204\166\370\121\163\167\345\213\306}{section.9}% 27
\BOOKMARK [2][-]{subsection.9.2}{\376\377\0009\000.\0002\000\040\133\236\232\214\220\107\122\060\166\204\225\356\230\230\123\312\121\166\211\343\121\263}{section.9}% 28
